<?xml version="1.0" encoding="UTF-8"?>
<beans xmlns="http://www.springframework.org/schema/beans"
	xmlns:xsi="http://www.w3.org/2001/XMLSchema-instance"
	xmlns:context="http://www.springframework.org/schema/context"
	xmlns:tx="http://www.springframework.org/schema/tx"
	xmlns:jpa="http://www.springframework.org/schema/data/jpa"
	xsi:schemaLocation="http://www.springframework.org/schema/beans http://www.springframework.org/schema/beans/spring-beans.xsd
		http://www.springframework.org/schema/context http://www.springframework.org/schema/context/spring-context-4.3.xsd
		http://www.springframework.org/schema/data/jpa http://www.springframework.org/schema/data/jpa/spring-jpa-1.8.xsd
		http://www.springframework.org/schema/tx http://www.springframework.org/schema/tx/spring-tx-4.3.xsd">

	<bean id="systemProperties" class="java.lang.System"
		factory-method="getenv" />

	<bean id="dataSource" class="com.zaxxer.hikari.HikariDataSource">
		<property name="username"
			value="#{systemProperties['TEST_SPRING_DATASOURCE_USERNAME']}" />
		<property name="password"
			value="#{systemProperties['TEST_SPRING_DATASOURCE_PASSWORD']}" />
		<property name="jdbcUrl"
			value="#{systemProperties['TEST_SPRING_DATASOURCE_URL']}"></property>
		<property name="driverClassName"
			value="org.postgresql.Driver" />
		<property name="autoCommit" value="false" />
	</bean>

	<bean id="drop-all-tables"
		class="com.github.ttwd80.november.model.service.DatabaseTestInit">
		<constructor-arg ref="dataSource" />
	</bean>

	<bean id="entityManagerFactory" depends-on="drop-all-tables"
		class="org.springframework.orm.jpa.LocalContainerEntityManagerFactoryBean">
		<property name="dataSource" ref="dataSource" />
		<property name="packagesToScan"
			value="com.github.ttwd80.november.model.entity" />
		<property name="jpaDialect">
			<bean
				class="org.springframework.orm.jpa.vendor.HibernateJpaDialect">
			</bean>
		</property>
		<property name="jpaPropertyMap">
			<map>
				<entry key="hibernate.jdbc.lob.non_contextual_creation"
					value="true" />
				<entry key="dialect"
					value="org.hibernate.dialect.PostgreSQL91Dialect" />
			</map>
		</property>
		<property name="jpaVendorAdapter">
			<bean
				class="org.springframework.orm.jpa.vendor.HibernateJpaVendorAdapter">
				<property name="database" value="POSTGRESQL" />
				<property name="generateDdl" value="true" />
			</bean>
		</property>
	</bean>

	<bean id="transactionManager"
		class="org.springframework.orm.jpa.JpaTransactionManager">
		<property name="entityManagerFactory"
			ref="entityManagerFactory" />
	</bean>

	<bean id="passwordEncoder"
		class="org.springframework.security.crypto.bcrypt.BCryptPasswordEncoder">
		<constructor-arg value="10" />
	</bean>

	<tx:annotation-driven
		transaction-manager="transactionManager" />

	<jpa:repositories
		base-package="com.github.ttwd80.november.model.repository">
	</jpa:repositories>

</beans>
